<?xml version="1.0" encoding="UTF-8"?>
<!-- Generated by org.testng.reporters.JUnitReportReporter -->
<testsuite hostname="DESKTOP-LAC1786" failures="0" tests="1" name="task.Jira" time="25.601" errors="0" timestamp="18 May 2021 12:26:18 GMT" skipped="0">
  <testcase classname="task.Jira" name="bugcapture" time="25.601"/>
</testsuite> <!-- task.Jira -->
