<?xml version="1.0" encoding="UTF-8"?>
<!-- Generated by org.testng.reporters.JUnitReportReporter -->
<testsuite hostname="DESKTOP-LAC1786" failures="0" tests="1" name="task.Jira" time="23.618" errors="0" timestamp="21 May 2021 07:47:01 GMT" skipped="0">
  <testcase classname="task.Jira" name="bugcapture" time="23.618"/>
</testsuite> <!-- task.Jira -->
