<?xml version="1.0" encoding="UTF-8"?>
<!-- Generated by org.testng.reporters.JUnitReportReporter -->
<testsuite hostname="DESKTOP-LAC1786" failures="0" tests="1" name="task.Flipkart" time="8.089" errors="0" timestamp="18 May 2021 12:08:23 GMT" skipped="0">
  <testcase classname="task.Flipkart" name="mobile" time="8.089"/>
</testsuite> <!-- task.Flipkart -->
